06-Jul-2022 19:31:53.177 INFO [main] org.apache.catalina.startup.VersionLoggerListener.log Server version name:   Apache Tomcat/10.0.22
06-Jul-2022 19:31:53.180 INFO [main] org.apache.catalina.startup.VersionLoggerListener.log Server built:          Jun 2 2022 16:53:56 UTC
06-Jul-2022 19:31:53.180 INFO [main] org.apache.catalina.startup.VersionLoggerListener.log Server version number: 10.0.22.0
06-Jul-2022 19:31:53.180 INFO [main] org.apache.catalina.startup.VersionLoggerListener.log OS Name:               Windows 11
06-Jul-2022 19:31:53.181 INFO [main] org.apache.catalina.startup.VersionLoggerListener.log OS Version:            10.0
06-Jul-2022 19:31:53.181 INFO [main] org.apache.catalina.startup.VersionLoggerListener.log Architecture:          amd64
06-Jul-2022 19:31:53.181 INFO [main] org.apache.catalina.startup.VersionLoggerListener.log Java Home:             C:\Program Files\Java\jdk-18.0.1.1
06-Jul-2022 19:31:53.181 INFO [main] org.apache.catalina.startup.VersionLoggerListener.log JVM Version:           18.0.1.1+2-6
06-Jul-2022 19:31:53.181 INFO [main] org.apache.catalina.startup.VersionLoggerListener.log JVM Vendor:            Oracle Corporation
06-Jul-2022 19:31:53.181 INFO [main] org.apache.catalina.startup.VersionLoggerListener.log CATALINA_BASE:         D:\GitHub\TrilhaPanvel\Tomcat PROD\apache-tomcat-10.0.22-PROD
06-Jul-2022 19:31:53.181 INFO [main] org.apache.catalina.startup.VersionLoggerListener.log CATALINA_HOME:         D:\GitHub\TrilhaPanvel\Tomcat PROD\apache-tomcat-10.0.22-PROD
06-Jul-2022 19:31:53.190 INFO [main] org.apache.catalina.startup.VersionLoggerListener.log Command line argument: --add-opens=java.base/java.lang=ALL-UNNAMED
06-Jul-2022 19:31:53.190 INFO [main] org.apache.catalina.startup.VersionLoggerListener.log Command line argument: --add-opens=java.base/java.io=ALL-UNNAMED
06-Jul-2022 19:31:53.190 INFO [main] org.apache.catalina.startup.VersionLoggerListener.log Command line argument: --add-opens=java.base/java.util=ALL-UNNAMED
06-Jul-2022 19:31:53.190 INFO [main] org.apache.catalina.startup.VersionLoggerListener.log Command line argument: --add-opens=java.base/java.util.concurrent=ALL-UNNAMED
06-Jul-2022 19:31:53.190 INFO [main] org.apache.catalina.startup.VersionLoggerListener.log Command line argument: --add-opens=java.rmi/sun.rmi.transport=ALL-UNNAMED
06-Jul-2022 19:31:53.191 INFO [main] org.apache.catalina.startup.VersionLoggerListener.log Command line argument: -Djava.util.logging.config.file=D:\GitHub\TrilhaPanvel\Tomcat PROD\apache-tomcat-10.0.22-PROD\conf\logging.properties
06-Jul-2022 19:31:53.191 INFO [main] org.apache.catalina.startup.VersionLoggerListener.log Command line argument: -Djava.util.logging.manager=org.apache.juli.ClassLoaderLogManager
06-Jul-2022 19:31:53.192 INFO [main] org.apache.catalina.startup.VersionLoggerListener.log Command line argument: -Djdk.tls.ephemeralDHKeySize=2048
06-Jul-2022 19:31:53.192 INFO [main] org.apache.catalina.startup.VersionLoggerListener.log Command line argument: -Djava.protocol.handler.pkgs=org.apache.catalina.webresources
06-Jul-2022 19:31:53.193 INFO [main] org.apache.catalina.startup.VersionLoggerListener.log Command line argument: -Dignore.endorsed.dirs=
06-Jul-2022 19:31:53.193 INFO [main] org.apache.catalina.startup.VersionLoggerListener.log Command line argument: -Dcatalina.base=D:\GitHub\TrilhaPanvel\Tomcat PROD\apache-tomcat-10.0.22-PROD
06-Jul-2022 19:31:53.194 INFO [main] org.apache.catalina.startup.VersionLoggerListener.log Command line argument: -Dcatalina.home=D:\GitHub\TrilhaPanvel\Tomcat PROD\apache-tomcat-10.0.22-PROD
06-Jul-2022 19:31:53.194 INFO [main] org.apache.catalina.startup.VersionLoggerListener.log Command line argument: -Djava.io.tmpdir=D:\GitHub\TrilhaPanvel\Tomcat PROD\apache-tomcat-10.0.22-PROD\temp
06-Jul-2022 19:31:53.295 INFO [main] org.apache.catalina.core.AprLifecycleListener.lifecycleEvent Loaded Apache Tomcat Native library [1.2.33] using APR version [1.7.0].
06-Jul-2022 19:31:53.295 INFO [main] org.apache.catalina.core.AprLifecycleListener.lifecycleEvent APR capabilities: IPv6 [true], sendfile [true], accept filters [false], random [true], UDS [true].
06-Jul-2022 19:31:53.299 INFO [main] org.apache.catalina.core.AprLifecycleListener.initializeSSL OpenSSL successfully initialized [OpenSSL 1.1.1o  3 May 2022]
06-Jul-2022 19:31:53.523 INFO [main] org.apache.coyote.AbstractProtocol.init Initializing ProtocolHandler ["http-nio-8080"]
06-Jul-2022 19:31:53.540 INFO [main] org.apache.catalina.startup.Catalina.load Server initialization in [555] milliseconds
06-Jul-2022 19:31:53.586 INFO [main] org.apache.catalina.core.StandardService.startInternal Starting service [Catalina]
06-Jul-2022 19:31:53.587 INFO [main] org.apache.catalina.core.StandardEngine.startInternal Starting Servlet engine: [Apache Tomcat/10.0.22]
06-Jul-2022 19:31:53.624 INFO [main] org.apache.catalina.startup.HostConfig.deployWAR Deploying web application archive [D:\GitHub\TrilhaPanvel\Tomcat PROD\apache-tomcat-10.0.22-PROD\webapps\aluraGerenciador.war]
06-Jul-2022 19:31:54.785 INFO [main] org.apache.jasper.servlet.TldScanner.scanJars At least one JAR was scanned for TLDs yet contained no TLDs. Enable debug logging for this logger for a complete list of JARs that were scanned but no TLDs were found in them. Skipping unneeded JARs during scanning can improve startup time and JSP compilation time.
06-Jul-2022 19:31:54.868 INFO [main] org.apache.catalina.startup.HostConfig.deployWAR Deployment of web application archive [D:\GitHub\TrilhaPanvel\Tomcat PROD\apache-tomcat-10.0.22-PROD\webapps\aluraGerenciador.war] has finished in [1.242] ms
06-Jul-2022 19:31:54.869 INFO [main] org.apache.catalina.startup.HostConfig.deployWAR Deploying web application archive [D:\GitHub\TrilhaPanvel\Tomcat PROD\apache-tomcat-10.0.22-PROD\webapps\gerenciador.war]
06-Jul-2022 19:31:55.470 INFO [main] org.apache.jasper.servlet.TldScanner.scanJars At least one JAR was scanned for TLDs yet contained no TLDs. Enable debug logging for this logger for a complete list of JARs that were scanned but no TLDs were found in them. Skipping unneeded JARs during scanning can improve startup time and JSP compilation time.
06-Jul-2022 19:31:55.503 INFO [main] org.apache.catalina.startup.HostConfig.deployWAR Deployment of web application archive [D:\GitHub\TrilhaPanvel\Tomcat PROD\apache-tomcat-10.0.22-PROD\webapps\gerenciador.war] has finished in [634] ms
06-Jul-2022 19:31:55.504 INFO [main] org.apache.catalina.startup.HostConfig.deployDirectory Diretório de instalação da aplicação web [D:\GitHub\TrilhaPanvel\Tomcat PROD\apache-tomcat-10.0.22-PROD\webapps\docs]
06-Jul-2022 19:31:55.545 INFO [main] org.apache.catalina.startup.HostConfig.deployDirectory Deployment of web application directory [D:\GitHub\TrilhaPanvel\Tomcat PROD\apache-tomcat-10.0.22-PROD\webapps\docs] has finished in [41] ms
06-Jul-2022 19:31:55.545 INFO [main] org.apache.catalina.startup.HostConfig.deployDirectory Diretório de instalação da aplicação web [D:\GitHub\TrilhaPanvel\Tomcat PROD\apache-tomcat-10.0.22-PROD\webapps\examples]
06-Jul-2022 19:31:56.238 INFO [main] org.apache.catalina.startup.HostConfig.deployDirectory Deployment of web application directory [D:\GitHub\TrilhaPanvel\Tomcat PROD\apache-tomcat-10.0.22-PROD\webapps\examples] has finished in [693] ms
06-Jul-2022 19:31:56.238 INFO [main] org.apache.catalina.startup.HostConfig.deployDirectory Diretório de instalação da aplicação web [D:\GitHub\TrilhaPanvel\Tomcat PROD\apache-tomcat-10.0.22-PROD\webapps\host-manager]
06-Jul-2022 19:31:56.363 INFO [main] org.apache.catalina.startup.HostConfig.deployDirectory Deployment of web application directory [D:\GitHub\TrilhaPanvel\Tomcat PROD\apache-tomcat-10.0.22-PROD\webapps\host-manager] has finished in [125] ms
06-Jul-2022 19:31:56.364 INFO [main] org.apache.catalina.startup.HostConfig.deployDirectory Diretório de instalação da aplicação web [D:\GitHub\TrilhaPanvel\Tomcat PROD\apache-tomcat-10.0.22-PROD\webapps\manager]
06-Jul-2022 19:31:57.064 INFO [main] org.apache.catalina.startup.HostConfig.deployDirectory Deployment of web application directory [D:\GitHub\TrilhaPanvel\Tomcat PROD\apache-tomcat-10.0.22-PROD\webapps\manager] has finished in [699] ms
06-Jul-2022 19:31:57.064 INFO [main] org.apache.catalina.startup.HostConfig.deployDirectory Diretório de instalação da aplicação web [D:\GitHub\TrilhaPanvel\Tomcat PROD\apache-tomcat-10.0.22-PROD\webapps\ROOT]
06-Jul-2022 19:31:57.101 INFO [main] org.apache.catalina.startup.HostConfig.deployDirectory Deployment of web application directory [D:\GitHub\TrilhaPanvel\Tomcat PROD\apache-tomcat-10.0.22-PROD\webapps\ROOT] has finished in [37] ms
06-Jul-2022 19:31:57.103 INFO [main] org.apache.coyote.AbstractProtocol.start Starting ProtocolHandler ["http-nio-8080"]
06-Jul-2022 19:31:57.164 INFO [main] org.apache.catalina.startup.Catalina.start Server startup in [3623] milliseconds
06-Jul-2022 19:36:57.328 INFO [Thread-2] org.apache.coyote.AbstractProtocol.pause Pausing ProtocolHandler ["http-nio-8080"]
06-Jul-2022 19:36:57.339 INFO [Thread-2] org.apache.catalina.core.StandardService.stopInternal Stopping service [Catalina]
06-Jul-2022 19:36:57.359 INFO [Thread-2] org.apache.coyote.AbstractProtocol.stop Stopping ProtocolHandler ["http-nio-8080"]
06-Jul-2022 19:36:57.371 INFO [Thread-2] org.apache.coyote.AbstractProtocol.destroy Destroying ProtocolHandler ["http-nio-8080"]
