04-Jul-2022 11:01:31.911 INFORMAÇÕES [main] org.apache.catalina.core.ApplicationContext.log ContextListener: contextInitialized()
04-Jul-2022 11:01:31.911 INFORMAÇÕES [main] org.apache.catalina.core.ApplicationContext.log SessionListener: contextInitialized()
04-Jul-2022 11:01:31.915 INFORMAÇÕES [main] org.apache.catalina.core.ApplicationContext.log ContextListener: attributeAdded('StockTicker', 'async.Stockticker@646c0a67')
04-Jul-2022 11:01:48.312 INFORMAÇÕES [http-nio-8080-exec-4] org.apache.catalina.core.ApplicationContext.log Marking servlet [br.com.panvel.gerenciador.servlet.NewCompanyServlet] as unavailable
04-Jul-2022 11:01:48.313 GRAVE [http-nio-8080-exec-4] org.apache.catalina.core.StandardWrapperValve.invoke Allocate exception for servlet [br.com.panvel.gerenciador.servlet.NewCompanyServlet]
	java.lang.UnsupportedClassVersionError: br/com/panvel/gerenciador/servlet/NewCompanyServlet has been compiled by a more recent version of the Java Runtime (class file version 62.0), this version of the Java Runtime only recognizes class file versions up to 61.0 (unable to load class [br.com.panvel.gerenciador.servlet.NewCompanyServlet])
		at org.apache.catalina.loader.WebappClassLoaderBase.findClassInternal(WebappClassLoaderBase.java:2515)
		at org.apache.catalina.loader.WebappClassLoaderBase.findClass(WebappClassLoaderBase.java:877)
		at org.apache.catalina.loader.WebappClassLoaderBase.loadClass(WebappClassLoaderBase.java:1413)
		at org.apache.catalina.loader.WebappClassLoaderBase.loadClass(WebappClassLoaderBase.java:1257)
		at org.apache.catalina.core.DefaultInstanceManager.loadClass(DefaultInstanceManager.java:535)
		at org.apache.catalina.core.DefaultInstanceManager.loadClassMaybePrivileged(DefaultInstanceManager.java:516)
		at org.apache.catalina.core.DefaultInstanceManager.newInstance(DefaultInstanceManager.java:150)
		at org.apache.catalina.core.StandardWrapper.loadServlet(StandardWrapper.java:1071)
		at org.apache.catalina.core.StandardWrapper.allocate(StandardWrapper.java:789)
		at org.apache.catalina.core.StandardWrapperValve.invoke(StandardWrapperValve.java:128)
		at org.apache.catalina.core.StandardContextValve.invoke(StandardContextValve.java:97)
		at org.apache.catalina.authenticator.AuthenticatorBase.invoke(AuthenticatorBase.java:542)
		at org.apache.catalina.core.StandardHostValve.invoke(StandardHostValve.java:119)
		at org.apache.catalina.valves.ErrorReportValve.invoke(ErrorReportValve.java:92)
		at org.apache.catalina.valves.AbstractAccessLogValve.invoke(AbstractAccessLogValve.java:690)
		at org.apache.catalina.core.StandardEngineValve.invoke(StandardEngineValve.java:78)
		at org.apache.catalina.connector.CoyoteAdapter.service(CoyoteAdapter.java:356)
		at org.apache.coyote.http11.Http11Processor.service(Http11Processor.java:399)
		at org.apache.coyote.AbstractProcessorLight.process(AbstractProcessorLight.java:65)
		at org.apache.coyote.AbstractProtocol$ConnectionHandler.process(AbstractProtocol.java:867)
		at org.apache.tomcat.util.net.NioEndpoint$SocketProcessor.doRun(NioEndpoint.java:1760)
		at org.apache.tomcat.util.net.SocketProcessorBase.run(SocketProcessorBase.java:49)
		at org.apache.tomcat.util.threads.ThreadPoolExecutor.runWorker(ThreadPoolExecutor.java:1191)
		at org.apache.tomcat.util.threads.ThreadPoolExecutor$Worker.run(ThreadPoolExecutor.java:659)
		at org.apache.tomcat.util.threads.TaskThread$WrappingRunnable.run(TaskThread.java:61)
		at java.base/java.lang.Thread.run(Thread.java:833)
04-Jul-2022 11:01:59.301 INFORMAÇÕES [Thread-2] org.apache.catalina.core.ApplicationContext.log SessionListener: contextDestroyed()
04-Jul-2022 11:01:59.301 INFORMAÇÕES [Thread-2] org.apache.catalina.core.ApplicationContext.log ContextListener: contextDestroyed()
04-Jul-2022 11:02:49.073 INFORMAÇÕES [main] org.apache.catalina.core.ApplicationContext.log ContextListener: contextInitialized()
04-Jul-2022 11:02:49.074 INFORMAÇÕES [main] org.apache.catalina.core.ApplicationContext.log SessionListener: contextInitialized()
04-Jul-2022 11:02:49.078 INFORMAÇÕES [main] org.apache.catalina.core.ApplicationContext.log ContextListener: attributeAdded('StockTicker', 'async.Stockticker@d109c4f')
04-Jul-2022 11:02:55.415 INFORMAÇÕES [http-nio-8080-exec-2] org.apache.catalina.core.ApplicationContext.log Marking servlet [br.com.panvel.gerenciador.servlet.NewCompanyServlet] as unavailable
04-Jul-2022 11:02:55.415 GRAVE [http-nio-8080-exec-2] org.apache.catalina.core.StandardWrapperValve.invoke Allocate exception for servlet [br.com.panvel.gerenciador.servlet.NewCompanyServlet]
	java.lang.UnsupportedClassVersionError: br/com/panvel/gerenciador/servlet/NewCompanyServlet has been compiled by a more recent version of the Java Runtime (class file version 62.0), this version of the Java Runtime only recognizes class file versions up to 61.0 (unable to load class [br.com.panvel.gerenciador.servlet.NewCompanyServlet])
		at org.apache.catalina.loader.WebappClassLoaderBase.findClassInternal(WebappClassLoaderBase.java:2515)
		at org.apache.catalina.loader.WebappClassLoaderBase.findClass(WebappClassLoaderBase.java:877)
		at org.apache.catalina.loader.WebappClassLoaderBase.loadClass(WebappClassLoaderBase.java:1413)
		at org.apache.catalina.loader.WebappClassLoaderBase.loadClass(WebappClassLoaderBase.java:1257)
		at org.apache.catalina.core.DefaultInstanceManager.loadClass(DefaultInstanceManager.java:535)
		at org.apache.catalina.core.DefaultInstanceManager.loadClassMaybePrivileged(DefaultInstanceManager.java:516)
		at org.apache.catalina.core.DefaultInstanceManager.newInstance(DefaultInstanceManager.java:150)
		at org.apache.catalina.core.StandardWrapper.loadServlet(StandardWrapper.java:1071)
		at org.apache.catalina.core.StandardWrapper.allocate(StandardWrapper.java:789)
		at org.apache.catalina.core.StandardWrapperValve.invoke(StandardWrapperValve.java:128)
		at org.apache.catalina.core.StandardContextValve.invoke(StandardContextValve.java:97)
		at org.apache.catalina.authenticator.AuthenticatorBase.invoke(AuthenticatorBase.java:542)
		at org.apache.catalina.core.StandardHostValve.invoke(StandardHostValve.java:119)
		at org.apache.catalina.valves.ErrorReportValve.invoke(ErrorReportValve.java:92)
		at org.apache.catalina.valves.AbstractAccessLogValve.invoke(AbstractAccessLogValve.java:690)
		at org.apache.catalina.core.StandardEngineValve.invoke(StandardEngineValve.java:78)
		at org.apache.catalina.connector.CoyoteAdapter.service(CoyoteAdapter.java:356)
		at org.apache.coyote.http11.Http11Processor.service(Http11Processor.java:399)
		at org.apache.coyote.AbstractProcessorLight.process(AbstractProcessorLight.java:65)
		at org.apache.coyote.AbstractProtocol$ConnectionHandler.process(AbstractProtocol.java:867)
		at org.apache.tomcat.util.net.NioEndpoint$SocketProcessor.doRun(NioEndpoint.java:1760)
		at org.apache.tomcat.util.net.SocketProcessorBase.run(SocketProcessorBase.java:49)
		at org.apache.tomcat.util.threads.ThreadPoolExecutor.runWorker(ThreadPoolExecutor.java:1191)
		at org.apache.tomcat.util.threads.ThreadPoolExecutor$Worker.run(ThreadPoolExecutor.java:659)
		at org.apache.tomcat.util.threads.TaskThread$WrappingRunnable.run(TaskThread.java:61)
		at java.base/java.lang.Thread.run(Thread.java:833)
04-Jul-2022 11:03:45.566 INFORMAÇÕES [http-nio-8080-exec-8] org.apache.catalina.core.ApplicationContext.log Marking servlet [br.com.panvel.gerenciador.servlet.listCompanies.ListCompaniesServlet] as unavailable
04-Jul-2022 11:03:45.566 GRAVE [http-nio-8080-exec-8] org.apache.catalina.core.StandardWrapperValve.invoke Allocate exception for servlet [br.com.panvel.gerenciador.servlet.listCompanies.ListCompaniesServlet]
	java.lang.UnsupportedClassVersionError: br/com/panvel/gerenciador/servlet/listCompanies/ListCompaniesServlet has been compiled by a more recent version of the Java Runtime (class file version 62.0), this version of the Java Runtime only recognizes class file versions up to 61.0 (unable to load class [br.com.panvel.gerenciador.servlet.listCompanies.ListCompaniesServlet])
		at org.apache.catalina.loader.WebappClassLoaderBase.findClassInternal(WebappClassLoaderBase.java:2515)
		at org.apache.catalina.loader.WebappClassLoaderBase.findClass(WebappClassLoaderBase.java:877)
		at org.apache.catalina.loader.WebappClassLoaderBase.loadClass(WebappClassLoaderBase.java:1413)
		at org.apache.catalina.loader.WebappClassLoaderBase.loadClass(WebappClassLoaderBase.java:1257)
		at org.apache.catalina.core.DefaultInstanceManager.loadClass(DefaultInstanceManager.java:535)
		at org.apache.catalina.core.DefaultInstanceManager.loadClassMaybePrivileged(DefaultInstanceManager.java:516)
		at org.apache.catalina.core.DefaultInstanceManager.newInstance(DefaultInstanceManager.java:150)
		at org.apache.catalina.core.StandardWrapper.loadServlet(StandardWrapper.java:1071)
		at org.apache.catalina.core.StandardWrapper.allocate(StandardWrapper.java:789)
		at org.apache.catalina.core.StandardWrapperValve.invoke(StandardWrapperValve.java:128)
		at org.apache.catalina.core.StandardContextValve.invoke(StandardContextValve.java:97)
		at org.apache.catalina.authenticator.AuthenticatorBase.invoke(AuthenticatorBase.java:542)
		at org.apache.catalina.core.StandardHostValve.invoke(StandardHostValve.java:119)
		at org.apache.catalina.valves.ErrorReportValve.invoke(ErrorReportValve.java:92)
		at org.apache.catalina.valves.AbstractAccessLogValve.invoke(AbstractAccessLogValve.java:690)
		at org.apache.catalina.core.StandardEngineValve.invoke(StandardEngineValve.java:78)
		at org.apache.catalina.connector.CoyoteAdapter.service(CoyoteAdapter.java:356)
		at org.apache.coyote.http11.Http11Processor.service(Http11Processor.java:399)
		at org.apache.coyote.AbstractProcessorLight.process(AbstractProcessorLight.java:65)
		at org.apache.coyote.AbstractProtocol$ConnectionHandler.process(AbstractProtocol.java:867)
		at org.apache.tomcat.util.net.NioEndpoint$SocketProcessor.doRun(NioEndpoint.java:1760)
		at org.apache.tomcat.util.net.SocketProcessorBase.run(SocketProcessorBase.java:49)
		at org.apache.tomcat.util.threads.ThreadPoolExecutor.runWorker(ThreadPoolExecutor.java:1191)
		at org.apache.tomcat.util.threads.ThreadPoolExecutor$Worker.run(ThreadPoolExecutor.java:659)
		at org.apache.tomcat.util.threads.TaskThread$WrappingRunnable.run(TaskThread.java:61)
		at java.base/java.lang.Thread.run(Thread.java:833)
04-Jul-2022 11:04:19.021 INFORMAÇÕES [Thread-2] org.apache.catalina.core.ApplicationContext.log SessionListener: contextDestroyed()
04-Jul-2022 11:04:19.021 INFORMAÇÕES [Thread-2] org.apache.catalina.core.ApplicationContext.log ContextListener: contextDestroyed()
04-Jul-2022 11:05:30.491 INFORMAÇÕES [main] org.apache.catalina.core.ApplicationContext.log ContextListener: contextInitialized()
04-Jul-2022 11:05:30.492 INFORMAÇÕES [main] org.apache.catalina.core.ApplicationContext.log SessionListener: contextInitialized()
04-Jul-2022 11:05:30.493 INFORMAÇÕES [main] org.apache.catalina.core.ApplicationContext.log ContextListener: attributeAdded('StockTicker', 'async.Stockticker@d109c4f')
04-Jul-2022 11:05:36.149 INFORMAÇÕES [http-nio-8080-exec-2] org.apache.catalina.core.ApplicationContext.log Marking servlet [br.com.panvel.gerenciador.servlet.listCompanies.ListCompaniesServlet] as unavailable
04-Jul-2022 11:05:36.150 GRAVE [http-nio-8080-exec-2] org.apache.catalina.core.StandardWrapperValve.invoke Allocate exception for servlet [br.com.panvel.gerenciador.servlet.listCompanies.ListCompaniesServlet]
	java.lang.UnsupportedClassVersionError: br/com/panvel/gerenciador/servlet/listCompanies/ListCompaniesServlet has been compiled by a more recent version of the Java Runtime (class file version 62.0), this version of the Java Runtime only recognizes class file versions up to 61.0 (unable to load class [br.com.panvel.gerenciador.servlet.listCompanies.ListCompaniesServlet])
		at org.apache.catalina.loader.WebappClassLoaderBase.findClassInternal(WebappClassLoaderBase.java:2515)
		at org.apache.catalina.loader.WebappClassLoaderBase.findClass(WebappClassLoaderBase.java:877)
		at org.apache.catalina.loader.WebappClassLoaderBase.loadClass(WebappClassLoaderBase.java:1413)
		at org.apache.catalina.loader.WebappClassLoaderBase.loadClass(WebappClassLoaderBase.java:1257)
		at org.apache.catalina.core.DefaultInstanceManager.loadClass(DefaultInstanceManager.java:535)
		at org.apache.catalina.core.DefaultInstanceManager.loadClassMaybePrivileged(DefaultInstanceManager.java:516)
		at org.apache.catalina.core.DefaultInstanceManager.newInstance(DefaultInstanceManager.java:150)
		at org.apache.catalina.core.StandardWrapper.loadServlet(StandardWrapper.java:1071)
		at org.apache.catalina.core.StandardWrapper.allocate(StandardWrapper.java:789)
		at org.apache.catalina.core.StandardWrapperValve.invoke(StandardWrapperValve.java:128)
		at org.apache.catalina.core.StandardContextValve.invoke(StandardContextValve.java:97)
		at org.apache.catalina.authenticator.AuthenticatorBase.invoke(AuthenticatorBase.java:542)
		at org.apache.catalina.core.StandardHostValve.invoke(StandardHostValve.java:119)
		at org.apache.catalina.valves.ErrorReportValve.invoke(ErrorReportValve.java:92)
		at org.apache.catalina.valves.AbstractAccessLogValve.invoke(AbstractAccessLogValve.java:690)
		at org.apache.catalina.core.StandardEngineValve.invoke(StandardEngineValve.java:78)
		at org.apache.catalina.connector.CoyoteAdapter.service(CoyoteAdapter.java:356)
		at org.apache.coyote.http11.Http11Processor.service(Http11Processor.java:399)
		at org.apache.coyote.AbstractProcessorLight.process(AbstractProcessorLight.java:65)
		at org.apache.coyote.AbstractProtocol$ConnectionHandler.process(AbstractProtocol.java:867)
		at org.apache.tomcat.util.net.NioEndpoint$SocketProcessor.doRun(NioEndpoint.java:1760)
		at org.apache.tomcat.util.net.SocketProcessorBase.run(SocketProcessorBase.java:49)
		at org.apache.tomcat.util.threads.ThreadPoolExecutor.runWorker(ThreadPoolExecutor.java:1191)
		at org.apache.tomcat.util.threads.ThreadPoolExecutor$Worker.run(ThreadPoolExecutor.java:659)
		at org.apache.tomcat.util.threads.TaskThread$WrappingRunnable.run(TaskThread.java:61)
		at java.base/java.lang.Thread.run(Thread.java:833)
04-Jul-2022 11:06:06.970 INFORMAÇÕES [Thread-2] org.apache.catalina.core.ApplicationContext.log SessionListener: contextDestroyed()
04-Jul-2022 11:06:06.970 INFORMAÇÕES [Thread-2] org.apache.catalina.core.ApplicationContext.log ContextListener: contextDestroyed()
04-Jul-2022 11:09:10.668 INFORMAÇÕES [main] org.apache.catalina.core.ApplicationContext.log ContextListener: contextInitialized()
04-Jul-2022 11:09:10.668 INFORMAÇÕES [main] org.apache.catalina.core.ApplicationContext.log SessionListener: contextInitialized()
04-Jul-2022 11:09:10.670 INFORMAÇÕES [main] org.apache.catalina.core.ApplicationContext.log ContextListener: attributeAdded('StockTicker', 'async.Stockticker@48528634')
04-Jul-2022 11:09:18.119 INFORMAÇÕES [http-nio-8080-exec-2] org.apache.catalina.core.ApplicationContext.log Marking servlet [br.com.panvel.gerenciador.servlet.listCompanies.ListCompaniesServlet] as unavailable
04-Jul-2022 11:09:18.119 GRAVE [http-nio-8080-exec-2] org.apache.catalina.core.StandardWrapperValve.invoke Allocate exception for servlet [br.com.panvel.gerenciador.servlet.listCompanies.ListCompaniesServlet]
	java.lang.UnsupportedClassVersionError: br/com/panvel/gerenciador/servlet/listCompanies/ListCompaniesServlet has been compiled by a more recent version of the Java Runtime (class file version 62.0), this version of the Java Runtime only recognizes class file versions up to 61.0 (unable to load class [br.com.panvel.gerenciador.servlet.listCompanies.ListCompaniesServlet])
		at org.apache.catalina.loader.WebappClassLoaderBase.findClassInternal(WebappClassLoaderBase.java:2515)
		at org.apache.catalina.loader.WebappClassLoaderBase.findClass(WebappClassLoaderBase.java:877)
		at org.apache.catalina.loader.WebappClassLoaderBase.loadClass(WebappClassLoaderBase.java:1413)
		at org.apache.catalina.loader.WebappClassLoaderBase.loadClass(WebappClassLoaderBase.java:1257)
		at org.apache.catalina.core.DefaultInstanceManager.loadClass(DefaultInstanceManager.java:535)
		at org.apache.catalina.core.DefaultInstanceManager.loadClassMaybePrivileged(DefaultInstanceManager.java:516)
		at org.apache.catalina.core.DefaultInstanceManager.newInstance(DefaultInstanceManager.java:150)
		at org.apache.catalina.core.StandardWrapper.loadServlet(StandardWrapper.java:1071)
		at org.apache.catalina.core.StandardWrapper.allocate(StandardWrapper.java:789)
		at org.apache.catalina.core.StandardWrapperValve.invoke(StandardWrapperValve.java:128)
		at org.apache.catalina.core.StandardContextValve.invoke(StandardContextValve.java:97)
		at org.apache.catalina.authenticator.AuthenticatorBase.invoke(AuthenticatorBase.java:542)
		at org.apache.catalina.core.StandardHostValve.invoke(StandardHostValve.java:119)
		at org.apache.catalina.valves.ErrorReportValve.invoke(ErrorReportValve.java:92)
		at org.apache.catalina.valves.AbstractAccessLogValve.invoke(AbstractAccessLogValve.java:690)
		at org.apache.catalina.core.StandardEngineValve.invoke(StandardEngineValve.java:78)
		at org.apache.catalina.connector.CoyoteAdapter.service(CoyoteAdapter.java:356)
		at org.apache.coyote.http11.Http11Processor.service(Http11Processor.java:399)
		at org.apache.coyote.AbstractProcessorLight.process(AbstractProcessorLight.java:65)
		at org.apache.coyote.AbstractProtocol$ConnectionHandler.process(AbstractProtocol.java:867)
		at org.apache.tomcat.util.net.NioEndpoint$SocketProcessor.doRun(NioEndpoint.java:1760)
		at org.apache.tomcat.util.net.SocketProcessorBase.run(SocketProcessorBase.java:49)
		at org.apache.tomcat.util.threads.ThreadPoolExecutor.runWorker(ThreadPoolExecutor.java:1191)
		at org.apache.tomcat.util.threads.ThreadPoolExecutor$Worker.run(ThreadPoolExecutor.java:659)
		at org.apache.tomcat.util.threads.TaskThread$WrappingRunnable.run(TaskThread.java:61)
		at java.base/java.lang.Thread.run(Thread.java:833)
04-Jul-2022 11:09:25.639 INFORMAÇÕES [Thread-2] org.apache.catalina.core.ApplicationContext.log SessionListener: contextDestroyed()
04-Jul-2022 11:09:25.639 INFORMAÇÕES [Thread-2] org.apache.catalina.core.ApplicationContext.log ContextListener: contextDestroyed()
04-Jul-2022 11:10:32.641 INFORMAÇÕES [main] org.apache.catalina.core.ApplicationContext.log ContextListener: contextInitialized()
04-Jul-2022 11:10:32.641 INFORMAÇÕES [main] org.apache.catalina.core.ApplicationContext.log SessionListener: contextInitialized()
04-Jul-2022 11:10:32.643 INFORMAÇÕES [main] org.apache.catalina.core.ApplicationContext.log ContextListener: attributeAdded('StockTicker', 'async.Stockticker@48528634')
04-Jul-2022 11:10:34.898 INFORMAÇÕES [http-nio-8080-exec-2] org.apache.catalina.core.ApplicationContext.log Marking servlet [br.com.panvel.gerenciador.servlet.listCompanies.ListCompaniesServlet] as unavailable
04-Jul-2022 11:10:34.898 GRAVE [http-nio-8080-exec-2] org.apache.catalina.core.StandardWrapperValve.invoke Allocate exception for servlet [br.com.panvel.gerenciador.servlet.listCompanies.ListCompaniesServlet]
	java.lang.UnsupportedClassVersionError: br/com/panvel/gerenciador/servlet/listCompanies/ListCompaniesServlet has been compiled by a more recent version of the Java Runtime (class file version 62.0), this version of the Java Runtime only recognizes class file versions up to 61.0 (unable to load class [br.com.panvel.gerenciador.servlet.listCompanies.ListCompaniesServlet])
		at org.apache.catalina.loader.WebappClassLoaderBase.findClassInternal(WebappClassLoaderBase.java:2515)
		at org.apache.catalina.loader.WebappClassLoaderBase.findClass(WebappClassLoaderBase.java:877)
		at org.apache.catalina.loader.WebappClassLoaderBase.loadClass(WebappClassLoaderBase.java:1413)
		at org.apache.catalina.loader.WebappClassLoaderBase.loadClass(WebappClassLoaderBase.java:1257)
		at org.apache.catalina.core.DefaultInstanceManager.loadClass(DefaultInstanceManager.java:535)
		at org.apache.catalina.core.DefaultInstanceManager.loadClassMaybePrivileged(DefaultInstanceManager.java:516)
		at org.apache.catalina.core.DefaultInstanceManager.newInstance(DefaultInstanceManager.java:150)
		at org.apache.catalina.core.StandardWrapper.loadServlet(StandardWrapper.java:1071)
		at org.apache.catalina.core.StandardWrapper.allocate(StandardWrapper.java:789)
		at org.apache.catalina.core.StandardWrapperValve.invoke(StandardWrapperValve.java:128)
		at org.apache.catalina.core.StandardContextValve.invoke(StandardContextValve.java:97)
		at org.apache.catalina.authenticator.AuthenticatorBase.invoke(AuthenticatorBase.java:542)
		at org.apache.catalina.core.StandardHostValve.invoke(StandardHostValve.java:119)
		at org.apache.catalina.valves.ErrorReportValve.invoke(ErrorReportValve.java:92)
		at org.apache.catalina.valves.AbstractAccessLogValve.invoke(AbstractAccessLogValve.java:690)
		at org.apache.catalina.core.StandardEngineValve.invoke(StandardEngineValve.java:78)
		at org.apache.catalina.connector.CoyoteAdapter.service(CoyoteAdapter.java:356)
		at org.apache.coyote.http11.Http11Processor.service(Http11Processor.java:399)
		at org.apache.coyote.AbstractProcessorLight.process(AbstractProcessorLight.java:65)
		at org.apache.coyote.AbstractProtocol$ConnectionHandler.process(AbstractProtocol.java:867)
		at org.apache.tomcat.util.net.NioEndpoint$SocketProcessor.doRun(NioEndpoint.java:1760)
		at org.apache.tomcat.util.net.SocketProcessorBase.run(SocketProcessorBase.java:49)
		at org.apache.tomcat.util.threads.ThreadPoolExecutor.runWorker(ThreadPoolExecutor.java:1191)
		at org.apache.tomcat.util.threads.ThreadPoolExecutor$Worker.run(ThreadPoolExecutor.java:659)
		at org.apache.tomcat.util.threads.TaskThread$WrappingRunnable.run(TaskThread.java:61)
		at java.base/java.lang.Thread.run(Thread.java:833)
04-Jul-2022 11:12:09.211 INFORMAÇÕES [Thread-2] org.apache.catalina.core.ApplicationContext.log SessionListener: contextDestroyed()
04-Jul-2022 11:12:09.211 INFORMAÇÕES [Thread-2] org.apache.catalina.core.ApplicationContext.log ContextListener: contextDestroyed()
04-Jul-2022 11:18:36.571 INFORMAÇÕES [main] org.apache.catalina.core.ApplicationContext.log ContextListener: contextInitialized()
04-Jul-2022 11:18:36.571 INFORMAÇÕES [main] org.apache.catalina.core.ApplicationContext.log SessionListener: contextInitialized()
04-Jul-2022 11:18:36.574 INFORMAÇÕES [main] org.apache.catalina.core.ApplicationContext.log ContextListener: attributeAdded('StockTicker', 'async.Stockticker@48d293ee')
04-Jul-2022 11:18:40.506 INFORMAÇÕES [http-nio-8080-exec-1] org.apache.catalina.core.ApplicationContext.log Marking servlet [br.com.panvel.gerenciador.servlet.listCompanies.ListCompaniesServlet] as unavailable
04-Jul-2022 11:18:40.506 GRAVE [http-nio-8080-exec-1] org.apache.catalina.core.StandardWrapperValve.invoke Allocate exception for servlet [br.com.panvel.gerenciador.servlet.listCompanies.ListCompaniesServlet]
	java.lang.UnsupportedClassVersionError: br/com/panvel/gerenciador/servlet/listCompanies/ListCompaniesServlet has been compiled by a more recent version of the Java Runtime (class file version 62.0), this version of the Java Runtime only recognizes class file versions up to 61.0 (unable to load class [br.com.panvel.gerenciador.servlet.listCompanies.ListCompaniesServlet])
		at org.apache.catalina.loader.WebappClassLoaderBase.findClassInternal(WebappClassLoaderBase.java:2515)
		at org.apache.catalina.loader.WebappClassLoaderBase.findClass(WebappClassLoaderBase.java:877)
		at org.apache.catalina.loader.WebappClassLoaderBase.loadClass(WebappClassLoaderBase.java:1413)
		at org.apache.catalina.loader.WebappClassLoaderBase.loadClass(WebappClassLoaderBase.java:1257)
		at org.apache.catalina.core.DefaultInstanceManager.loadClass(DefaultInstanceManager.java:535)
		at org.apache.catalina.core.DefaultInstanceManager.loadClassMaybePrivileged(DefaultInstanceManager.java:516)
		at org.apache.catalina.core.DefaultInstanceManager.newInstance(DefaultInstanceManager.java:150)
		at org.apache.catalina.core.StandardWrapper.loadServlet(StandardWrapper.java:1071)
		at org.apache.catalina.core.StandardWrapper.allocate(StandardWrapper.java:789)
		at org.apache.catalina.core.StandardWrapperValve.invoke(StandardWrapperValve.java:128)
		at org.apache.catalina.core.StandardContextValve.invoke(StandardContextValve.java:97)
		at org.apache.catalina.authenticator.AuthenticatorBase.invoke(AuthenticatorBase.java:542)
		at org.apache.catalina.core.StandardHostValve.invoke(StandardHostValve.java:119)
		at org.apache.catalina.valves.ErrorReportValve.invoke(ErrorReportValve.java:92)
		at org.apache.catalina.valves.AbstractAccessLogValve.invoke(AbstractAccessLogValve.java:690)
		at org.apache.catalina.core.StandardEngineValve.invoke(StandardEngineValve.java:78)
		at org.apache.catalina.connector.CoyoteAdapter.service(CoyoteAdapter.java:356)
		at org.apache.coyote.http11.Http11Processor.service(Http11Processor.java:399)
		at org.apache.coyote.AbstractProcessorLight.process(AbstractProcessorLight.java:65)
		at org.apache.coyote.AbstractProtocol$ConnectionHandler.process(AbstractProtocol.java:867)
		at org.apache.tomcat.util.net.NioEndpoint$SocketProcessor.doRun(NioEndpoint.java:1760)
		at org.apache.tomcat.util.net.SocketProcessorBase.run(SocketProcessorBase.java:49)
		at org.apache.tomcat.util.threads.ThreadPoolExecutor.runWorker(ThreadPoolExecutor.java:1191)
		at org.apache.tomcat.util.threads.ThreadPoolExecutor$Worker.run(ThreadPoolExecutor.java:659)
		at org.apache.tomcat.util.threads.TaskThread$WrappingRunnable.run(TaskThread.java:61)
		at java.base/java.lang.Thread.run(Thread.java:833)
04-Jul-2022 11:19:15.037 INFORMAÇÕES [Thread-2] org.apache.catalina.core.ApplicationContext.log SessionListener: contextDestroyed()
04-Jul-2022 11:19:15.037 INFORMAÇÕES [Thread-2] org.apache.catalina.core.ApplicationContext.log ContextListener: contextDestroyed()
04-Jul-2022 11:21:02.012 INFORMAÇÕES [main] org.apache.catalina.core.ApplicationContext.log ContextListener: contextInitialized()
04-Jul-2022 11:21:02.012 INFORMAÇÕES [main] org.apache.catalina.core.ApplicationContext.log SessionListener: contextInitialized()
04-Jul-2022 11:21:02.013 INFORMAÇÕES [main] org.apache.catalina.core.ApplicationContext.log ContextListener: attributeAdded('StockTicker', 'async.Stockticker@48528634')
04-Jul-2022 11:21:05.366 INFORMAÇÕES [http-nio-8080-exec-3] org.apache.catalina.core.ApplicationContext.log Marking servlet [br.com.panvel.gerenciador.servlet.listCompanies.ListCompaniesServlet] as unavailable
04-Jul-2022 11:21:05.367 GRAVE [http-nio-8080-exec-3] org.apache.catalina.core.StandardWrapperValve.invoke Allocate exception for servlet [br.com.panvel.gerenciador.servlet.listCompanies.ListCompaniesServlet]
	java.lang.UnsupportedClassVersionError: br/com/panvel/gerenciador/servlet/listCompanies/ListCompaniesServlet has been compiled by a more recent version of the Java Runtime (class file version 62.0), this version of the Java Runtime only recognizes class file versions up to 61.0 (unable to load class [br.com.panvel.gerenciador.servlet.listCompanies.ListCompaniesServlet])
		at org.apache.catalina.loader.WebappClassLoaderBase.findClassInternal(WebappClassLoaderBase.java:2515)
		at org.apache.catalina.loader.WebappClassLoaderBase.findClass(WebappClassLoaderBase.java:877)
		at org.apache.catalina.loader.WebappClassLoaderBase.loadClass(WebappClassLoaderBase.java:1413)
		at org.apache.catalina.loader.WebappClassLoaderBase.loadClass(WebappClassLoaderBase.java:1257)
		at org.apache.catalina.core.DefaultInstanceManager.loadClass(DefaultInstanceManager.java:535)
		at org.apache.catalina.core.DefaultInstanceManager.loadClassMaybePrivileged(DefaultInstanceManager.java:516)
		at org.apache.catalina.core.DefaultInstanceManager.newInstance(DefaultInstanceManager.java:150)
		at org.apache.catalina.core.StandardWrapper.loadServlet(StandardWrapper.java:1071)
		at org.apache.catalina.core.StandardWrapper.allocate(StandardWrapper.java:789)
		at org.apache.catalina.core.StandardWrapperValve.invoke(StandardWrapperValve.java:128)
		at org.apache.catalina.core.StandardContextValve.invoke(StandardContextValve.java:97)
		at org.apache.catalina.authenticator.AuthenticatorBase.invoke(AuthenticatorBase.java:542)
		at org.apache.catalina.core.StandardHostValve.invoke(StandardHostValve.java:119)
		at org.apache.catalina.valves.ErrorReportValve.invoke(ErrorReportValve.java:92)
		at org.apache.catalina.valves.AbstractAccessLogValve.invoke(AbstractAccessLogValve.java:690)
		at org.apache.catalina.core.StandardEngineValve.invoke(StandardEngineValve.java:78)
		at org.apache.catalina.connector.CoyoteAdapter.service(CoyoteAdapter.java:356)
		at org.apache.coyote.http11.Http11Processor.service(Http11Processor.java:399)
		at org.apache.coyote.AbstractProcessorLight.process(AbstractProcessorLight.java:65)
		at org.apache.coyote.AbstractProtocol$ConnectionHandler.process(AbstractProtocol.java:867)
		at org.apache.tomcat.util.net.NioEndpoint$SocketProcessor.doRun(NioEndpoint.java:1760)
		at org.apache.tomcat.util.net.SocketProcessorBase.run(SocketProcessorBase.java:49)
		at org.apache.tomcat.util.threads.ThreadPoolExecutor.runWorker(ThreadPoolExecutor.java:1191)
		at org.apache.tomcat.util.threads.ThreadPoolExecutor$Worker.run(ThreadPoolExecutor.java:659)
		at org.apache.tomcat.util.threads.TaskThread$WrappingRunnable.run(TaskThread.java:61)
		at java.base/java.lang.Thread.run(Thread.java:833)
04-Jul-2022 11:21:19.783 INFORMAÇÕES [Thread-2] org.apache.catalina.core.ApplicationContext.log SessionListener: contextDestroyed()
04-Jul-2022 11:21:19.783 INFORMAÇÕES [Thread-2] org.apache.catalina.core.ApplicationContext.log ContextListener: contextDestroyed()
04-Jul-2022 11:25:40.204 INFORMAÇÕES [main] org.apache.catalina.core.ApplicationContext.log ContextListener: contextInitialized()
04-Jul-2022 11:25:40.204 INFORMAÇÕES [main] org.apache.catalina.core.ApplicationContext.log SessionListener: contextInitialized()
04-Jul-2022 11:25:40.206 INFORMAÇÕES [main] org.apache.catalina.core.ApplicationContext.log ContextListener: attributeAdded('StockTicker', 'async.Stockticker@5460b754')
04-Jul-2022 11:27:51.163 INFO [main] org.apache.catalina.core.ApplicationContext.log ContextListener: contextInitialized()
04-Jul-2022 11:27:51.163 INFO [main] org.apache.catalina.core.ApplicationContext.log SessionListener: contextInitialized()
04-Jul-2022 11:27:51.165 INFO [main] org.apache.catalina.core.ApplicationContext.log ContextListener: attributeAdded('StockTicker', 'async.Stockticker@70228253')
04-Jul-2022 11:28:05.529 INFO [Thread-2] org.apache.catalina.core.ApplicationContext.log SessionListener: contextDestroyed()
04-Jul-2022 11:28:05.529 INFO [Thread-2] org.apache.catalina.core.ApplicationContext.log ContextListener: contextDestroyed()
04-Jul-2022 11:29:03.370 INFO [main] org.apache.catalina.core.ApplicationContext.log ContextListener: contextInitialized()
04-Jul-2022 11:29:03.370 INFO [main] org.apache.catalina.core.ApplicationContext.log SessionListener: contextInitialized()
04-Jul-2022 11:29:03.372 INFO [main] org.apache.catalina.core.ApplicationContext.log ContextListener: attributeAdded('StockTicker', 'async.Stockticker@55e42449')
04-Jul-2022 11:29:20.984 INFO [Thread-2] org.apache.catalina.core.ApplicationContext.log SessionListener: contextDestroyed()
04-Jul-2022 11:29:20.984 INFO [Thread-2] org.apache.catalina.core.ApplicationContext.log ContextListener: contextDestroyed()
